D:\MY PROGRAMS\LASVIEWER\BIN\DEBUG\LASVIEWER.EXE
D:\My Programs\LasViewer\bin\Debug\LasViewer.exp
D:\MY PROGRAMS\LASVIEWER\BIN\DEBUG\LASVIEWER.ILK
D:\My Programs\LasViewer\bin\Debug\LasViewer.lib
D:\MY PROGRAMS\LASVIEWER\BIN\DEBUG\LASVIEWER.PDB
D:\My Programs\LasViewer\LasViewer\Debug\cl.command.1.tlog
D:\My Programs\LasViewer\LasViewer\Debug\CL.read.1.tlog
D:\My Programs\LasViewer\LasViewer\Debug\CL.write.1.tlog
D:\MY PROGRAMS\LASVIEWER\LASVIEWER\DEBUG\LASDATASET.OBJ
D:\MY PROGRAMS\LASVIEWER\LASVIEWER\DEBUG\LASVIEWER.EXE.EMBED.MANIFEST
D:\MY PROGRAMS\LASVIEWER\LASVIEWER\DEBUG\LASVIEWER.EXE.EMBED.MANIFEST.RES
D:\MY PROGRAMS\LASVIEWER\LASVIEWER\DEBUG\LASVIEWER.EXE.INTERMEDIATE.MANIFEST
D:\MY PROGRAMS\LASVIEWER\LASVIEWER\DEBUG\LASVIEWER.OBJ
D:\MY PROGRAMS\LASVIEWER\LASVIEWER\DEBUG\LASVIEWER.PCH
D:\MY PROGRAMS\LASVIEWER\LASVIEWER\DEBUG\LASVIEWER.RES
D:\My Programs\LasViewer\LasViewer\Debug\LasViewer.write.1.tlog
D:\My Programs\LasViewer\LasViewer\Debug\LasViewer_manifest.rc
D:\MY PROGRAMS\LASVIEWER\LASVIEWER\DEBUG\LASVIEWERDOC.OBJ
D:\MY PROGRAMS\LASVIEWER\LASVIEWER\DEBUG\LASVIEWERVIEW.OBJ
D:\MY PROGRAMS\LASVIEWER\LASVIEWER\DEBUG\LDSITERATOR.OBJ
D:\My Programs\LasViewer\LasViewer\Debug\link.1140.read.1.tlog
D:\My Programs\LasViewer\LasViewer\Debug\link.1140.write.1.tlog
D:\My Programs\LasViewer\LasViewer\Debug\link.1140-cvtres.read.1.tlog
D:\My Programs\LasViewer\LasViewer\Debug\link.1140-cvtres.write.1.tlog
D:\My Programs\LasViewer\LasViewer\Debug\link.1364.read.1.tlog
D:\My Programs\LasViewer\LasViewer\Debug\link.1364.write.1.tlog
D:\My Programs\LasViewer\LasViewer\Debug\link.1364-cvtres.read.1.tlog
D:\My Programs\LasViewer\LasViewer\Debug\link.1364-cvtres.write.1.tlog
D:\My Programs\LasViewer\LasViewer\Debug\link.3812.read.1.tlog
D:\My Programs\LasViewer\LasViewer\Debug\link.3812.write.1.tlog
D:\My Programs\LasViewer\LasViewer\Debug\link.3812-cvtres.read.1.tlog
D:\My Programs\LasViewer\LasViewer\Debug\link.3812-cvtres.write.1.tlog
D:\My Programs\LasViewer\LasViewer\Debug\link.5148.read.1.tlog
D:\My Programs\LasViewer\LasViewer\Debug\link.5148.write.1.tlog
D:\My Programs\LasViewer\LasViewer\Debug\link.5148-cvtres.read.1.tlog
D:\My Programs\LasViewer\LasViewer\Debug\link.5148-cvtres.write.1.tlog
D:\My Programs\LasViewer\LasViewer\Debug\link.command.1.tlog
D:\My Programs\LasViewer\LasViewer\Debug\link.read.1.tlog
D:\My Programs\LasViewer\LasViewer\Debug\link.write.1.tlog
D:\My Programs\LasViewer\LasViewer\Debug\link-cvtres.read.1.tlog
D:\My Programs\LasViewer\LasViewer\Debug\link-cvtres.write.1.tlog
D:\MY PROGRAMS\LASVIEWER\LASVIEWER\DEBUG\MAINFRM.OBJ
D:\My Programs\LasViewer\LasViewer\Debug\mt.command.1.tlog
D:\My Programs\LasViewer\LasViewer\Debug\mt.read.1.tlog
D:\My Programs\LasViewer\LasViewer\Debug\mt.write.1.tlog
D:\My Programs\LasViewer\LasViewer\Debug\rc.command.1.tlog
D:\My Programs\LasViewer\LasViewer\Debug\rc.read.1.tlog
D:\My Programs\LasViewer\LasViewer\Debug\rc.write.1.tlog
D:\MY PROGRAMS\LASVIEWER\LASVIEWER\DEBUG\STDAFX.OBJ
D:\My Programs\LasViewer\LasViewer\Debug\vc100.idb
D:\MY PROGRAMS\LASVIEWER\LASVIEWER\DEBUG\VC100.PDB
