D:\MY PROGRAMS\LASVIEWER\BIN\RELEASE\LASVIEWER.EXE
D:\My Programs\LasViewer\bin\Release\LasViewer.exp
D:\My Programs\LasViewer\bin\Release\LasViewer.lib
D:\MY PROGRAMS\LASVIEWER\BIN\RELEASE\LASVIEWER.PDB
D:\My Programs\LasViewer\LasViewer\Release\cl.command.1.tlog
D:\My Programs\LasViewer\LasViewer\Release\CL.read.1.tlog
D:\My Programs\LasViewer\LasViewer\Release\CL.write.1.tlog
D:\MY PROGRAMS\LASVIEWER\LASVIEWER\RELEASE\LASDATASET.OBJ
D:\MY PROGRAMS\LASVIEWER\LASVIEWER\RELEASE\LASVIEWER.EXE.INTERMEDIATE.MANIFEST
D:\MY PROGRAMS\LASVIEWER\LASVIEWER\RELEASE\LASVIEWER.OBJ
D:\MY PROGRAMS\LASVIEWER\LASVIEWER\RELEASE\LASVIEWER.PCH
D:\MY PROGRAMS\LASVIEWER\LASVIEWER\RELEASE\LASVIEWER.RES
D:\My Programs\LasViewer\LasViewer\Release\LasViewer.write.1.tlog
D:\MY PROGRAMS\LASVIEWER\LASVIEWER\RELEASE\LASVIEWERDOC.OBJ
D:\MY PROGRAMS\LASVIEWER\LASVIEWER\RELEASE\LASVIEWERVIEW.OBJ
D:\MY PROGRAMS\LASVIEWER\LASVIEWER\RELEASE\LDSITERATOR.OBJ
D:\My Programs\LasViewer\LasViewer\Release\link.command.1.tlog
D:\My Programs\LasViewer\LasViewer\Release\link.read.1.tlog
D:\My Programs\LasViewer\LasViewer\Release\link.write.1.tlog
D:\My Programs\LasViewer\LasViewer\Release\link-cvtres.read.1.tlog
D:\My Programs\LasViewer\LasViewer\Release\link-cvtres.write.1.tlog
D:\MY PROGRAMS\LASVIEWER\LASVIEWER\RELEASE\MAINFRM.OBJ
D:\My Programs\LasViewer\LasViewer\Release\mt.command.1.tlog
D:\My Programs\LasViewer\LasViewer\Release\mt.read.1.tlog
D:\My Programs\LasViewer\LasViewer\Release\mt.write.1.tlog
D:\My Programs\LasViewer\LasViewer\Release\rc.command.1.tlog
D:\My Programs\LasViewer\LasViewer\Release\rc.read.1.tlog
D:\My Programs\LasViewer\LasViewer\Release\rc.write.1.tlog
D:\MY PROGRAMS\LASVIEWER\LASVIEWER\RELEASE\STDAFX.OBJ
D:\MY PROGRAMS\LASVIEWER\LASVIEWER\RELEASE\VC100.PDB
